2021-10-24 05:18:42 INFO  EmployeeRestAPI:30 - <<<<<<<<<< NEW Testing Start>>>>>>>>>>>>>>
2021-10-24 05:18:42 INFO  EmployeeRestAPI:27 - *********StartedTC001_Get_All_Employees**********
2021-10-24 05:18:44 INFO  EmployeeRestAPI:16 - ##validationResponseBody##
2021-10-24 05:18:44 INFO  EmployeeRestAPI:21 - **PASS** 
2021-10-24 05:18:44 INFO  EmployeeRestAPI:28 - ##validationStatusCode##
2021-10-24 05:18:44 INFO  EmployeeRestAPI:34 - **PASS** statusCodeAcutal -> 200
2021-10-24 05:18:44 INFO  EmployeeRestAPI:70 - ##validationContentType##
2021-10-24 05:18:44 INFO  EmployeeRestAPI:76 - **PASS** contentTypeActual application/json
2021-10-24 05:18:44 INFO  EmployeeRestAPI:98 - ##validationContentType##
2021-10-24 05:18:44 INFO  EmployeeRestAPI:104 - **PASS** contentEncodingActual gzip
2021-10-24 05:18:44 INFO  EmployeeRestAPI:112 - ##validationcontentLength##
2021-10-24 05:18:44 INFO  EmployeeRestAPI:120 - **PASS** responseTimeActual 1520
2021-10-24 05:18:44 INFO  EmployeeRestAPI:56 - ##validationResponseTime##
2021-10-24 05:18:44 INFO  EmployeeRestAPI:62 - **PASS** responseTimeActual 1520
2021-10-24 05:18:44 INFO  EmployeeRestAPI:84 - ##validationContentType##
2021-10-24 05:18:44 INFO  EmployeeRestAPI:90 - **PASS** serverTypeActual cloudflare
2021-10-24 05:18:44 INFO  EmployeeRestAPI:42 - ##validationStatusLine##
2021-10-24 05:18:44 INFO  EmployeeRestAPI:48 - **PASS** statusLineActual HTTP/1.1 200 OK
2021-10-24 05:18:44 INFO  EmployeeRestAPI:81 - <<<<<<<<<< END TC001_Get_All_Employees>>>>>>>>>>>>>>
2021-10-24 05:18:45 INFO  EmployeeRestAPI:35 - *********StartedTC_002_GET_SNG_EMP_DATA**********
2021-10-24 05:18:45 INFO  EmployeeRestAPI:16 - ##validationResponseBody##
2021-10-24 05:18:45 INFO  EmployeeRestAPI:21 - **PASS** 
2021-10-24 05:18:45 INFO  EmployeeRestAPI:98 - ##validationContentType##
2021-10-24 05:18:45 INFO  EmployeeRestAPI:104 - **PASS** contentEncodingActual gzip
2021-10-24 05:18:45 INFO  EmployeeRestAPI:70 - ##validationContentType##
2021-10-24 05:18:45 INFO  EmployeeRestAPI:76 - **PASS** contentTypeActual application/json
2021-10-24 05:18:45 INFO  EmployeeRestAPI:56 - ##validationResponseTime##
2021-10-24 05:18:45 INFO  EmployeeRestAPI:62 - **PASS** responseTimeActual 671
2021-10-24 05:18:45 INFO  EmployeeRestAPI:84 - ##validationContentType##
2021-10-24 05:18:45 INFO  EmployeeRestAPI:90 - **PASS** serverTypeActual cloudflare
2021-10-24 05:18:45 INFO  EmployeeRestAPI:28 - ##validationStatusCode##
2021-10-24 05:18:45 INFO  EmployeeRestAPI:34 - **PASS** statusCodeAcutal -> 200
2021-10-24 05:18:45 INFO  EmployeeRestAPI:42 - ##validationStatusLine##
2021-10-24 05:18:45 INFO  EmployeeRestAPI:48 - **PASS** statusLineActual HTTP/1.1 200 OK
2021-10-24 05:18:45 INFO  EmployeeRestAPI:72 - <<<<<<<<<< END TC_002_GET_SNG_EMP_DATA>>>>>>>>>>>>>>
